<?xml version="1.0" encoding="UTF-8"?>
<testsuite xmlns:xsi="http://www.w3.org/2001/XMLSchema-instance" xsi:noNamespaceSchemaLocation="https://maven.apache.org/surefire/maven-surefire-plugin/xsd/surefire-test-report.xsd" name="com.yz.learn.companyframe.CompanyFrameApplicationTests" time="9.188" tests="2" errors="0" skipped="0" failures="0">
  <properties>
    <property name="sun.desktop" value="windows"/>
    <property name="awt.toolkit" value="sun.awt.windows.WToolkit"/>
    <property name="file.encoding.pkg" value="sun.io"/>
    <property name="java.specification.version" value="1.8"/>
    <property name="sun.cpu.isalist" value="amd64"/>
    <property name="sun.jnu.encoding" value="GBK"/>
    <property name="java.class.path" value="C:\Users\Administrator\IdeaProjects\company-frame\target\test-classes;C:\Users\Administrator\IdeaProjects\company-frame\target\classes;D:\java\maven\repo\org\springframework\boot\spring-boot-starter-web\2.1.6.RELEASE\spring-boot-starter-web-2.1.6.RELEASE.jar;D:\java\maven\repo\org\springframework\boot\spring-boot-starter\2.1.6.RELEASE\spring-boot-starter-2.1.6.RELEASE.jar;D:\java\maven\repo\org\springframework\boot\spring-boot-starter-logging\2.1.6.RELEASE\spring-boot-starter-logging-2.1.6.RELEASE.jar;D:\java\maven\repo\ch\qos\logback\logback-classic\1.2.3\logback-classic-1.2.3.jar;D:\java\maven\repo\ch\qos\logback\logback-core\1.2.3\logback-core-1.2.3.jar;D:\java\maven\repo\org\apache\logging\log4j\log4j-to-slf4j\2.11.2\log4j-to-slf4j-2.11.2.jar;D:\java\maven\repo\org\apache\logging\log4j\log4j-api\2.11.2\log4j-api-2.11.2.jar;D:\java\maven\repo\org\slf4j\jul-to-slf4j\1.7.26\jul-to-slf4j-1.7.26.jar;D:\java\maven\repo\javax\annotation\javax.annotation-api\1.3.2\javax.annotation-api-1.3.2.jar;D:\java\maven\repo\org\yaml\snakeyaml\1.23\snakeyaml-1.23.jar;D:\java\maven\repo\org\springframework\boot\spring-boot-starter-json\2.1.6.RELEASE\spring-boot-starter-json-2.1.6.RELEASE.jar;D:\java\maven\repo\com\fasterxml\jackson\datatype\jackson-datatype-jdk8\2.9.9\jackson-datatype-jdk8-2.9.9.jar;D:\java\maven\repo\com\fasterxml\jackson\datatype\jackson-datatype-jsr310\2.9.9\jackson-datatype-jsr310-2.9.9.jar;D:\java\maven\repo\com\fasterxml\jackson\module\jackson-module-parameter-names\2.9.9\jackson-module-parameter-names-2.9.9.jar;D:\java\maven\repo\org\springframework\boot\spring-boot-starter-tomcat\2.1.6.RELEASE\spring-boot-starter-tomcat-2.1.6.RELEASE.jar;D:\java\maven\repo\org\apache\tomcat\embed\tomcat-embed-core\9.0.21\tomcat-embed-core-9.0.21.jar;D:\java\maven\repo\org\apache\tomcat\embed\tomcat-embed-el\9.0.21\tomcat-embed-el-9.0.21.jar;D:\java\maven\repo\org\apache\tomcat\embed\tomcat-embed-websocket\9.0.21\tomcat-embed-websocket-9.0.21.jar;D:\java\maven\repo\org\hibernate\validator\hibernate-validator\6.0.17.Final\hibernate-validator-6.0.17.Final.jar;D:\java\maven\repo\javax\validation\validation-api\2.0.1.Final\validation-api-2.0.1.Final.jar;D:\java\maven\repo\org\jboss\logging\jboss-logging\3.3.2.Final\jboss-logging-3.3.2.Final.jar;D:\java\maven\repo\org\springframework\spring-web\5.1.8.RELEASE\spring-web-5.1.8.RELEASE.jar;D:\java\maven\repo\org\springframework\spring-beans\5.1.8.RELEASE\spring-beans-5.1.8.RELEASE.jar;D:\java\maven\repo\org\springframework\spring-webmvc\5.1.8.RELEASE\spring-webmvc-5.1.8.RELEASE.jar;D:\java\maven\repo\org\springframework\spring-context\5.1.8.RELEASE\spring-context-5.1.8.RELEASE.jar;D:\java\maven\repo\org\springframework\spring-expression\5.1.8.RELEASE\spring-expression-5.1.8.RELEASE.jar;D:\java\maven\repo\org\springframework\boot\spring-boot-starter-test\2.1.6.RELEASE\spring-boot-starter-test-2.1.6.RELEASE.jar;D:\java\maven\repo\org\springframework\boot\spring-boot-test\2.1.6.RELEASE\spring-boot-test-2.1.6.RELEASE.jar;D:\java\maven\repo\org\springframework\boot\spring-boot-test-autoconfigure\2.1.6.RELEASE\spring-boot-test-autoconfigure-2.1.6.RELEASE.jar;D:\java\maven\repo\com\jayway\jsonpath\json-path\2.4.0\json-path-2.4.0.jar;D:\java\maven\repo\net\minidev\json-smart\2.3\json-smart-2.3.jar;D:\java\maven\repo\net\minidev\accessors-smart\1.2\accessors-smart-1.2.jar;D:\java\maven\repo\org\ow2\asm\asm\5.0.4\asm-5.0.4.jar;D:\java\maven\repo\junit\junit\4.12\junit-4.12.jar;D:\java\maven\repo\org\assertj\assertj-core\3.11.1\assertj-core-3.11.1.jar;D:\java\maven\repo\org\mockito\mockito-core\2.23.4\mockito-core-2.23.4.jar;D:\java\maven\repo\net\bytebuddy\byte-buddy\1.9.13\byte-buddy-1.9.13.jar;D:\java\maven\repo\net\bytebuddy\byte-buddy-agent\1.9.13\byte-buddy-agent-1.9.13.jar;D:\java\maven\repo\org\objenesis\objenesis\2.6\objenesis-2.6.jar;D:\java\maven\repo\org\hamcrest\hamcrest-core\1.3\hamcrest-core-1.3.jar;D:\java\maven\repo\org\hamcrest\hamcrest-library\1.3\hamcrest-library-1.3.jar;D:\java\maven\repo\org\skyscreamer\jsonassert\1.5.0\jsonassert-1.5.0.jar;D:\java\maven\repo\com\vaadin\external\google\android-json\0.0.20131108.vaadin1\android-json-0.0.20131108.vaadin1.jar;D:\java\maven\repo\org\springframework\spring-core\5.1.8.RELEASE\spring-core-5.1.8.RELEASE.jar;D:\java\maven\repo\org\springframework\spring-jcl\5.1.8.RELEASE\spring-jcl-5.1.8.RELEASE.jar;D:\java\maven\repo\org\springframework\spring-test\5.1.8.RELEASE\spring-test-5.1.8.RELEASE.jar;D:\java\maven\repo\org\xmlunit\xmlunit-core\2.6.2\xmlunit-core-2.6.2.jar;D:\java\maven\repo\mysql\mysql-connector-java\5.1.47\mysql-connector-java-5.1.47.jar;D:\java\maven\repo\com\alibaba\druid-spring-boot-starter\1.1.10\druid-spring-boot-starter-1.1.10.jar;D:\java\maven\repo\com\alibaba\druid\1.1.10\druid-1.1.10.jar;D:\java\maven\repo\org\slf4j\slf4j-api\1.7.26\slf4j-api-1.7.26.jar;D:\java\maven\repo\org\springframework\boot\spring-boot-autoconfigure\2.1.6.RELEASE\spring-boot-autoconfigure-2.1.6.RELEASE.jar;D:\java\maven\repo\org\mybatis\spring\boot\mybatis-spring-boot-starter\1.3.2\mybatis-spring-boot-starter-1.3.2.jar;D:\java\maven\repo\org\springframework\boot\spring-boot-starter-jdbc\2.1.6.RELEASE\spring-boot-starter-jdbc-2.1.6.RELEASE.jar;D:\java\maven\repo\com\zaxxer\HikariCP\3.2.0\HikariCP-3.2.0.jar;D:\java\maven\repo\org\springframework\spring-jdbc\5.1.8.RELEASE\spring-jdbc-5.1.8.RELEASE.jar;D:\java\maven\repo\org\mybatis\spring\boot\mybatis-spring-boot-autoconfigure\1.3.2\mybatis-spring-boot-autoconfigure-1.3.2.jar;D:\java\maven\repo\org\mybatis\mybatis\3.4.6\mybatis-3.4.6.jar;D:\java\maven\repo\org\mybatis\mybatis-spring\1.3.2\mybatis-spring-1.3.2.jar;D:\java\maven\repo\org\springframework\boot\spring-boot-starter-data-redis\2.1.6.RELEASE\spring-boot-starter-data-redis-2.1.6.RELEASE.jar;D:\java\maven\repo\org\springframework\data\spring-data-redis\2.1.9.RELEASE\spring-data-redis-2.1.9.RELEASE.jar;D:\java\maven\repo\org\springframework\data\spring-data-keyvalue\2.1.9.RELEASE\spring-data-keyvalue-2.1.9.RELEASE.jar;D:\java\maven\repo\org\springframework\data\spring-data-commons\2.1.9.RELEASE\spring-data-commons-2.1.9.RELEASE.jar;D:\java\maven\repo\org\springframework\spring-tx\5.1.8.RELEASE\spring-tx-5.1.8.RELEASE.jar;D:\java\maven\repo\org\springframework\spring-oxm\5.1.8.RELEASE\spring-oxm-5.1.8.RELEASE.jar;D:\java\maven\repo\org\springframework\spring-context-support\5.1.8.RELEASE\spring-context-support-5.1.8.RELEASE.jar;D:\java\maven\repo\io\lettuce\lettuce-core\5.1.7.RELEASE\lettuce-core-5.1.7.RELEASE.jar;D:\java\maven\repo\io\netty\netty-common\4.1.36.Final\netty-common-4.1.36.Final.jar;D:\java\maven\repo\io\netty\netty-handler\4.1.36.Final\netty-handler-4.1.36.Final.jar;D:\java\maven\repo\io\netty\netty-buffer\4.1.36.Final\netty-buffer-4.1.36.Final.jar;D:\java\maven\repo\io\netty\netty-codec\4.1.36.Final\netty-codec-4.1.36.Final.jar;D:\java\maven\repo\io\netty\netty-transport\4.1.36.Final\netty-transport-4.1.36.Final.jar;D:\java\maven\repo\io\netty\netty-resolver\4.1.36.Final\netty-resolver-4.1.36.Final.jar;D:\java\maven\repo\io\projectreactor\reactor-core\3.2.10.RELEASE\reactor-core-3.2.10.RELEASE.jar;D:\java\maven\repo\org\reactivestreams\reactive-streams\1.0.2\reactive-streams-1.0.2.jar;D:\java\maven\repo\org\apache\commons\commons-pool2\2.6.2\commons-pool2-2.6.2.jar;D:\java\maven\repo\io\springfox\springfox-swagger2\2.9.2\springfox-swagger2-2.9.2.jar;D:\java\maven\repo\io\swagger\swagger-annotations\1.5.20\swagger-annotations-1.5.20.jar;D:\java\maven\repo\io\swagger\swagger-models\1.5.20\swagger-models-1.5.20.jar;D:\java\maven\repo\com\fasterxml\jackson\core\jackson-annotations\2.9.0\jackson-annotations-2.9.0.jar;D:\java\maven\repo\io\springfox\springfox-spi\2.9.2\springfox-spi-2.9.2.jar;D:\java\maven\repo\io\springfox\springfox-core\2.9.2\springfox-core-2.9.2.jar;D:\java\maven\repo\io\springfox\springfox-schema\2.9.2\springfox-schema-2.9.2.jar;D:\java\maven\repo\io\springfox\springfox-swagger-common\2.9.2\springfox-swagger-common-2.9.2.jar;D:\java\maven\repo\io\springfox\springfox-spring-web\2.9.2\springfox-spring-web-2.9.2.jar;D:\java\maven\repo\com\google\guava\guava\20.0\guava-20.0.jar;D:\java\maven\repo\com\fasterxml\classmate\1.4.0\classmate-1.4.0.jar;D:\java\maven\repo\org\springframework\plugin\spring-plugin-core\1.2.0.RELEASE\spring-plugin-core-1.2.0.RELEASE.jar;D:\java\maven\repo\org\springframework\plugin\spring-plugin-metadata\1.2.0.RELEASE\spring-plugin-metadata-1.2.0.RELEASE.jar;D:\java\maven\repo\org\mapstruct\mapstruct\1.2.0.Final\mapstruct-1.2.0.Final.jar;D:\java\maven\repo\io\springfox\springfox-swagger-ui\2.9.2\springfox-swagger-ui-2.9.2.jar;D:\java\maven\repo\org\apache\shiro\shiro-spring\1.4.1\shiro-spring-1.4.1.jar;D:\java\maven\repo\org\apache\shiro\shiro-core\1.4.1\shiro-core-1.4.1.jar;D:\java\maven\repo\org\apache\shiro\shiro-lang\1.4.1\shiro-lang-1.4.1.jar;D:\java\maven\repo\org\apache\shiro\shiro-cache\1.4.1\shiro-cache-1.4.1.jar;D:\java\maven\repo\org\apache\shiro\shiro-crypto-hash\1.4.1\shiro-crypto-hash-1.4.1.jar;D:\java\maven\repo\org\apache\shiro\shiro-crypto-core\1.4.1\shiro-crypto-core-1.4.1.jar;D:\java\maven\repo\org\apache\shiro\shiro-crypto-cipher\1.4.1\shiro-crypto-cipher-1.4.1.jar;D:\java\maven\repo\org\apache\shiro\shiro-config-core\1.4.1\shiro-config-core-1.4.1.jar;D:\java\maven\repo\org\apache\shiro\shiro-config-ogdl\1.4.1\shiro-config-ogdl-1.4.1.jar;D:\java\maven\repo\commons-beanutils\commons-beanutils\1.9.3\commons-beanutils-1.9.3.jar;D:\java\maven\repo\commons-collections\commons-collections\3.2.2\commons-collections-3.2.2.jar;D:\java\maven\repo\org\apache\shiro\shiro-event\1.4.1\shiro-event-1.4.1.jar;D:\java\maven\repo\org\apache\shiro\shiro-web\1.4.1\shiro-web-1.4.1.jar;D:\java\maven\repo\com\github\pagehelper\pagehelper-spring-boot-starter\1.2.5\pagehelper-spring-boot-starter-1.2.5.jar;D:\java\maven\repo\com\github\pagehelper\pagehelper-spring-boot-autoconfigure\1.2.5\pagehelper-spring-boot-autoconfigure-1.2.5.jar;D:\java\maven\repo\com\github\pagehelper\pagehelper\5.1.4\pagehelper-5.1.4.jar;D:\java\maven\repo\com\github\jsqlparser\jsqlparser\1.0\jsqlparser-1.0.jar;D:\java\maven\repo\org\projectlombok\lombok\1.18.8\lombok-1.18.8.jar;D:\java\maven\repo\com\alibaba\fastjson\1.2.49\fastjson-1.2.49.jar;D:\java\maven\repo\io\jsonwebtoken\jjwt\0.9.1\jjwt-0.9.1.jar;D:\java\maven\repo\com\fasterxml\jackson\core\jackson-databind\2.9.9\jackson-databind-2.9.9.jar;D:\java\maven\repo\com\fasterxml\jackson\core\jackson-core\2.9.9\jackson-core-2.9.9.jar;D:\java\maven\repo\org\springframework\boot\spring-boot-starter-aop\2.1.6.RELEASE\spring-boot-starter-aop-2.1.6.RELEASE.jar;D:\java\maven\repo\org\springframework\spring-aop\5.1.8.RELEASE\spring-aop-5.1.8.RELEASE.jar;D:\java\maven\repo\org\aspectj\aspectjweaver\1.9.4\aspectjweaver-1.9.4.jar;D:\java\maven\repo\org\springframework\boot\spring-boot-devtools\2.1.6.RELEASE\spring-boot-devtools-2.1.6.RELEASE.jar;D:\java\maven\repo\org\springframework\boot\spring-boot\2.1.6.RELEASE\spring-boot-2.1.6.RELEASE.jar;"/>
    <property name="java.vm.vendor" value="Oracle Corporation"/>
    <property name="sun.arch.data.model" value="64"/>
    <property name="user.variant" value=""/>
    <property name="java.vendor.url" value="http://java.oracle.com/"/>
    <property name="user.timezone" value="Asia/Shanghai"/>
    <property name="java.vm.specification.version" value="1.8"/>
    <property name="os.name" value="Windows 10"/>
    <property name="user.country" value="CN"/>
    <property name="sun.java.launcher" value="SUN_STANDARD"/>
    <property name="sun.boot.library.path" value="C:\Program Files\Java\jdk1.8.0_181\jre\bin"/>
    <property name="sun.java.command" value="C:\Users\ADMINI~1\AppData\Local\Temp\surefire9137506024264233804\surefirebooter8610616833023361968.jar C:\Users\Administrator\AppData\Local\Temp\surefire9137506024264233804 2020-02-18T17-29-23_284-jvmRun1 surefire9054775283849241374tmp surefire_02997254054709595406tmp"/>
    <property name="surefire.test.class.path" value="C:\Users\Administrator\IdeaProjects\company-frame\target\test-classes;C:\Users\Administrator\IdeaProjects\company-frame\target\classes;D:\java\maven\repo\org\springframework\boot\spring-boot-starter-web\2.1.6.RELEASE\spring-boot-starter-web-2.1.6.RELEASE.jar;D:\java\maven\repo\org\springframework\boot\spring-boot-starter\2.1.6.RELEASE\spring-boot-starter-2.1.6.RELEASE.jar;D:\java\maven\repo\org\springframework\boot\spring-boot-starter-logging\2.1.6.RELEASE\spring-boot-starter-logging-2.1.6.RELEASE.jar;D:\java\maven\repo\ch\qos\logback\logback-classic\1.2.3\logback-classic-1.2.3.jar;D:\java\maven\repo\ch\qos\logback\logback-core\1.2.3\logback-core-1.2.3.jar;D:\java\maven\repo\org\apache\logging\log4j\log4j-to-slf4j\2.11.2\log4j-to-slf4j-2.11.2.jar;D:\java\maven\repo\org\apache\logging\log4j\log4j-api\2.11.2\log4j-api-2.11.2.jar;D:\java\maven\repo\org\slf4j\jul-to-slf4j\1.7.26\jul-to-slf4j-1.7.26.jar;D:\java\maven\repo\javax\annotation\javax.annotation-api\1.3.2\javax.annotation-api-1.3.2.jar;D:\java\maven\repo\org\yaml\snakeyaml\1.23\snakeyaml-1.23.jar;D:\java\maven\repo\org\springframework\boot\spring-boot-starter-json\2.1.6.RELEASE\spring-boot-starter-json-2.1.6.RELEASE.jar;D:\java\maven\repo\com\fasterxml\jackson\datatype\jackson-datatype-jdk8\2.9.9\jackson-datatype-jdk8-2.9.9.jar;D:\java\maven\repo\com\fasterxml\jackson\datatype\jackson-datatype-jsr310\2.9.9\jackson-datatype-jsr310-2.9.9.jar;D:\java\maven\repo\com\fasterxml\jackson\module\jackson-module-parameter-names\2.9.9\jackson-module-parameter-names-2.9.9.jar;D:\java\maven\repo\org\springframework\boot\spring-boot-starter-tomcat\2.1.6.RELEASE\spring-boot-starter-tomcat-2.1.6.RELEASE.jar;D:\java\maven\repo\org\apache\tomcat\embed\tomcat-embed-core\9.0.21\tomcat-embed-core-9.0.21.jar;D:\java\maven\repo\org\apache\tomcat\embed\tomcat-embed-el\9.0.21\tomcat-embed-el-9.0.21.jar;D:\java\maven\repo\org\apache\tomcat\embed\tomcat-embed-websocket\9.0.21\tomcat-embed-websocket-9.0.21.jar;D:\java\maven\repo\org\hibernate\validator\hibernate-validator\6.0.17.Final\hibernate-validator-6.0.17.Final.jar;D:\java\maven\repo\javax\validation\validation-api\2.0.1.Final\validation-api-2.0.1.Final.jar;D:\java\maven\repo\org\jboss\logging\jboss-logging\3.3.2.Final\jboss-logging-3.3.2.Final.jar;D:\java\maven\repo\org\springframework\spring-web\5.1.8.RELEASE\spring-web-5.1.8.RELEASE.jar;D:\java\maven\repo\org\springframework\spring-beans\5.1.8.RELEASE\spring-beans-5.1.8.RELEASE.jar;D:\java\maven\repo\org\springframework\spring-webmvc\5.1.8.RELEASE\spring-webmvc-5.1.8.RELEASE.jar;D:\java\maven\repo\org\springframework\spring-context\5.1.8.RELEASE\spring-context-5.1.8.RELEASE.jar;D:\java\maven\repo\org\springframework\spring-expression\5.1.8.RELEASE\spring-expression-5.1.8.RELEASE.jar;D:\java\maven\repo\org\springframework\boot\spring-boot-starter-test\2.1.6.RELEASE\spring-boot-starter-test-2.1.6.RELEASE.jar;D:\java\maven\repo\org\springframework\boot\spring-boot-test\2.1.6.RELEASE\spring-boot-test-2.1.6.RELEASE.jar;D:\java\maven\repo\org\springframework\boot\spring-boot-test-autoconfigure\2.1.6.RELEASE\spring-boot-test-autoconfigure-2.1.6.RELEASE.jar;D:\java\maven\repo\com\jayway\jsonpath\json-path\2.4.0\json-path-2.4.0.jar;D:\java\maven\repo\net\minidev\json-smart\2.3\json-smart-2.3.jar;D:\java\maven\repo\net\minidev\accessors-smart\1.2\accessors-smart-1.2.jar;D:\java\maven\repo\org\ow2\asm\asm\5.0.4\asm-5.0.4.jar;D:\java\maven\repo\junit\junit\4.12\junit-4.12.jar;D:\java\maven\repo\org\assertj\assertj-core\3.11.1\assertj-core-3.11.1.jar;D:\java\maven\repo\org\mockito\mockito-core\2.23.4\mockito-core-2.23.4.jar;D:\java\maven\repo\net\bytebuddy\byte-buddy\1.9.13\byte-buddy-1.9.13.jar;D:\java\maven\repo\net\bytebuddy\byte-buddy-agent\1.9.13\byte-buddy-agent-1.9.13.jar;D:\java\maven\repo\org\objenesis\objenesis\2.6\objenesis-2.6.jar;D:\java\maven\repo\org\hamcrest\hamcrest-core\1.3\hamcrest-core-1.3.jar;D:\java\maven\repo\org\hamcrest\hamcrest-library\1.3\hamcrest-library-1.3.jar;D:\java\maven\repo\org\skyscreamer\jsonassert\1.5.0\jsonassert-1.5.0.jar;D:\java\maven\repo\com\vaadin\external\google\android-json\0.0.20131108.vaadin1\android-json-0.0.20131108.vaadin1.jar;D:\java\maven\repo\org\springframework\spring-core\5.1.8.RELEASE\spring-core-5.1.8.RELEASE.jar;D:\java\maven\repo\org\springframework\spring-jcl\5.1.8.RELEASE\spring-jcl-5.1.8.RELEASE.jar;D:\java\maven\repo\org\springframework\spring-test\5.1.8.RELEASE\spring-test-5.1.8.RELEASE.jar;D:\java\maven\repo\org\xmlunit\xmlunit-core\2.6.2\xmlunit-core-2.6.2.jar;D:\java\maven\repo\mysql\mysql-connector-java\5.1.47\mysql-connector-java-5.1.47.jar;D:\java\maven\repo\com\alibaba\druid-spring-boot-starter\1.1.10\druid-spring-boot-starter-1.1.10.jar;D:\java\maven\repo\com\alibaba\druid\1.1.10\druid-1.1.10.jar;D:\java\maven\repo\org\slf4j\slf4j-api\1.7.26\slf4j-api-1.7.26.jar;D:\java\maven\repo\org\springframework\boot\spring-boot-autoconfigure\2.1.6.RELEASE\spring-boot-autoconfigure-2.1.6.RELEASE.jar;D:\java\maven\repo\org\mybatis\spring\boot\mybatis-spring-boot-starter\1.3.2\mybatis-spring-boot-starter-1.3.2.jar;D:\java\maven\repo\org\springframework\boot\spring-boot-starter-jdbc\2.1.6.RELEASE\spring-boot-starter-jdbc-2.1.6.RELEASE.jar;D:\java\maven\repo\com\zaxxer\HikariCP\3.2.0\HikariCP-3.2.0.jar;D:\java\maven\repo\org\springframework\spring-jdbc\5.1.8.RELEASE\spring-jdbc-5.1.8.RELEASE.jar;D:\java\maven\repo\org\mybatis\spring\boot\mybatis-spring-boot-autoconfigure\1.3.2\mybatis-spring-boot-autoconfigure-1.3.2.jar;D:\java\maven\repo\org\mybatis\mybatis\3.4.6\mybatis-3.4.6.jar;D:\java\maven\repo\org\mybatis\mybatis-spring\1.3.2\mybatis-spring-1.3.2.jar;D:\java\maven\repo\org\springframework\boot\spring-boot-starter-data-redis\2.1.6.RELEASE\spring-boot-starter-data-redis-2.1.6.RELEASE.jar;D:\java\maven\repo\org\springframework\data\spring-data-redis\2.1.9.RELEASE\spring-data-redis-2.1.9.RELEASE.jar;D:\java\maven\repo\org\springframework\data\spring-data-keyvalue\2.1.9.RELEASE\spring-data-keyvalue-2.1.9.RELEASE.jar;D:\java\maven\repo\org\springframework\data\spring-data-commons\2.1.9.RELEASE\spring-data-commons-2.1.9.RELEASE.jar;D:\java\maven\repo\org\springframework\spring-tx\5.1.8.RELEASE\spring-tx-5.1.8.RELEASE.jar;D:\java\maven\repo\org\springframework\spring-oxm\5.1.8.RELEASE\spring-oxm-5.1.8.RELEASE.jar;D:\java\maven\repo\org\springframework\spring-context-support\5.1.8.RELEASE\spring-context-support-5.1.8.RELEASE.jar;D:\java\maven\repo\io\lettuce\lettuce-core\5.1.7.RELEASE\lettuce-core-5.1.7.RELEASE.jar;D:\java\maven\repo\io\netty\netty-common\4.1.36.Final\netty-common-4.1.36.Final.jar;D:\java\maven\repo\io\netty\netty-handler\4.1.36.Final\netty-handler-4.1.36.Final.jar;D:\java\maven\repo\io\netty\netty-buffer\4.1.36.Final\netty-buffer-4.1.36.Final.jar;D:\java\maven\repo\io\netty\netty-codec\4.1.36.Final\netty-codec-4.1.36.Final.jar;D:\java\maven\repo\io\netty\netty-transport\4.1.36.Final\netty-transport-4.1.36.Final.jar;D:\java\maven\repo\io\netty\netty-resolver\4.1.36.Final\netty-resolver-4.1.36.Final.jar;D:\java\maven\repo\io\projectreactor\reactor-core\3.2.10.RELEASE\reactor-core-3.2.10.RELEASE.jar;D:\java\maven\repo\org\reactivestreams\reactive-streams\1.0.2\reactive-streams-1.0.2.jar;D:\java\maven\repo\org\apache\commons\commons-pool2\2.6.2\commons-pool2-2.6.2.jar;D:\java\maven\repo\io\springfox\springfox-swagger2\2.9.2\springfox-swagger2-2.9.2.jar;D:\java\maven\repo\io\swagger\swagger-annotations\1.5.20\swagger-annotations-1.5.20.jar;D:\java\maven\repo\io\swagger\swagger-models\1.5.20\swagger-models-1.5.20.jar;D:\java\maven\repo\com\fasterxml\jackson\core\jackson-annotations\2.9.0\jackson-annotations-2.9.0.jar;D:\java\maven\repo\io\springfox\springfox-spi\2.9.2\springfox-spi-2.9.2.jar;D:\java\maven\repo\io\springfox\springfox-core\2.9.2\springfox-core-2.9.2.jar;D:\java\maven\repo\io\springfox\springfox-schema\2.9.2\springfox-schema-2.9.2.jar;D:\java\maven\repo\io\springfox\springfox-swagger-common\2.9.2\springfox-swagger-common-2.9.2.jar;D:\java\maven\repo\io\springfox\springfox-spring-web\2.9.2\springfox-spring-web-2.9.2.jar;D:\java\maven\repo\com\google\guava\guava\20.0\guava-20.0.jar;D:\java\maven\repo\com\fasterxml\classmate\1.4.0\classmate-1.4.0.jar;D:\java\maven\repo\org\springframework\plugin\spring-plugin-core\1.2.0.RELEASE\spring-plugin-core-1.2.0.RELEASE.jar;D:\java\maven\repo\org\springframework\plugin\spring-plugin-metadata\1.2.0.RELEASE\spring-plugin-metadata-1.2.0.RELEASE.jar;D:\java\maven\repo\org\mapstruct\mapstruct\1.2.0.Final\mapstruct-1.2.0.Final.jar;D:\java\maven\repo\io\springfox\springfox-swagger-ui\2.9.2\springfox-swagger-ui-2.9.2.jar;D:\java\maven\repo\org\apache\shiro\shiro-spring\1.4.1\shiro-spring-1.4.1.jar;D:\java\maven\repo\org\apache\shiro\shiro-core\1.4.1\shiro-core-1.4.1.jar;D:\java\maven\repo\org\apache\shiro\shiro-lang\1.4.1\shiro-lang-1.4.1.jar;D:\java\maven\repo\org\apache\shiro\shiro-cache\1.4.1\shiro-cache-1.4.1.jar;D:\java\maven\repo\org\apache\shiro\shiro-crypto-hash\1.4.1\shiro-crypto-hash-1.4.1.jar;D:\java\maven\repo\org\apache\shiro\shiro-crypto-core\1.4.1\shiro-crypto-core-1.4.1.jar;D:\java\maven\repo\org\apache\shiro\shiro-crypto-cipher\1.4.1\shiro-crypto-cipher-1.4.1.jar;D:\java\maven\repo\org\apache\shiro\shiro-config-core\1.4.1\shiro-config-core-1.4.1.jar;D:\java\maven\repo\org\apache\shiro\shiro-config-ogdl\1.4.1\shiro-config-ogdl-1.4.1.jar;D:\java\maven\repo\commons-beanutils\commons-beanutils\1.9.3\commons-beanutils-1.9.3.jar;D:\java\maven\repo\commons-collections\commons-collections\3.2.2\commons-collections-3.2.2.jar;D:\java\maven\repo\org\apache\shiro\shiro-event\1.4.1\shiro-event-1.4.1.jar;D:\java\maven\repo\org\apache\shiro\shiro-web\1.4.1\shiro-web-1.4.1.jar;D:\java\maven\repo\com\github\pagehelper\pagehelper-spring-boot-starter\1.2.5\pagehelper-spring-boot-starter-1.2.5.jar;D:\java\maven\repo\com\github\pagehelper\pagehelper-spring-boot-autoconfigure\1.2.5\pagehelper-spring-boot-autoconfigure-1.2.5.jar;D:\java\maven\repo\com\github\pagehelper\pagehelper\5.1.4\pagehelper-5.1.4.jar;D:\java\maven\repo\com\github\jsqlparser\jsqlparser\1.0\jsqlparser-1.0.jar;D:\java\maven\repo\org\projectlombok\lombok\1.18.8\lombok-1.18.8.jar;D:\java\maven\repo\com\alibaba\fastjson\1.2.49\fastjson-1.2.49.jar;D:\java\maven\repo\io\jsonwebtoken\jjwt\0.9.1\jjwt-0.9.1.jar;D:\java\maven\repo\com\fasterxml\jackson\core\jackson-databind\2.9.9\jackson-databind-2.9.9.jar;D:\java\maven\repo\com\fasterxml\jackson\core\jackson-core\2.9.9\jackson-core-2.9.9.jar;D:\java\maven\repo\org\springframework\boot\spring-boot-starter-aop\2.1.6.RELEASE\spring-boot-starter-aop-2.1.6.RELEASE.jar;D:\java\maven\repo\org\springframework\spring-aop\5.1.8.RELEASE\spring-aop-5.1.8.RELEASE.jar;D:\java\maven\repo\org\aspectj\aspectjweaver\1.9.4\aspectjweaver-1.9.4.jar;D:\java\maven\repo\org\springframework\boot\spring-boot-devtools\2.1.6.RELEASE\spring-boot-devtools-2.1.6.RELEASE.jar;D:\java\maven\repo\org\springframework\boot\spring-boot\2.1.6.RELEASE\spring-boot-2.1.6.RELEASE.jar;"/>
    <property name="sun.cpu.endian" value="little"/>
    <property name="user.home" value="C:\Users\Administrator"/>
    <property name="user.language" value="zh"/>
    <property name="java.specification.vendor" value="Oracle Corporation"/>
    <property name="java.home" value="C:\Program Files\Java\jdk1.8.0_181\jre"/>
    <property name="basedir" value="C:\Users\Administrator\IdeaProjects\company-frame"/>
    <property name="file.separator" value="\"/>
    <property name="line.separator" value="&#10;"/>
    <property name="java.vm.specification.vendor" value="Oracle Corporation"/>
    <property name="java.specification.name" value="Java Platform API Specification"/>
    <property name="java.awt.graphicsenv" value="sun.awt.Win32GraphicsEnvironment"/>
    <property name="surefire.real.class.path" value="C:\Users\ADMINI~1\AppData\Local\Temp\surefire9137506024264233804\surefirebooter8610616833023361968.jar"/>
    <property name="sun.boot.class.path" value="C:\Program Files\Java\jdk1.8.0_181\jre\lib\resources.jar;C:\Program Files\Java\jdk1.8.0_181\jre\lib\rt.jar;C:\Program Files\Java\jdk1.8.0_181\jre\lib\sunrsasign.jar;C:\Program Files\Java\jdk1.8.0_181\jre\lib\jsse.jar;C:\Program Files\Java\jdk1.8.0_181\jre\lib\jce.jar;C:\Program Files\Java\jdk1.8.0_181\jre\lib\charsets.jar;C:\Program Files\Java\jdk1.8.0_181\jre\lib\jfr.jar;C:\Program Files\Java\jdk1.8.0_181\jre\classes"/>
    <property name="user.script" value=""/>
    <property name="sun.management.compiler" value="HotSpot 64-Bit Tiered Compilers"/>
    <property name="java.runtime.version" value="1.8.0_181-b13"/>
    <property name="user.name" value="Administrator"/>
    <property name="path.separator" value=";"/>
    <property name="os.version" value="10.0"/>
    <property name="java.endorsed.dirs" value="C:\Program Files\Java\jdk1.8.0_181\jre\lib\endorsed"/>
    <property name="java.runtime.name" value="Java(TM) SE Runtime Environment"/>
    <property name="file.encoding" value="GBK"/>
    <property name="java.vm.name" value="Java HotSpot(TM) 64-Bit Server VM"/>
    <property name="localRepository" value="D:\java\maven\repo"/>
    <property name="java.vendor.url.bug" value="http://bugreport.sun.com/bugreport/"/>
    <property name="java.io.tmpdir" value="C:\Users\ADMINI~1\AppData\Local\Temp\"/>
    <property name="java.version" value="1.8.0_181"/>
    <property name="user.dir" value="C:\Users\Administrator\IdeaProjects\company-frame"/>
    <property name="os.arch" value="amd64"/>
    <property name="java.vm.specification.name" value="Java Virtual Machine Specification"/>
    <property name="java.awt.printerjob" value="sun.awt.windows.WPrinterJob"/>
    <property name="idea.version2019.3.1" value="true"/>
    <property name="sun.os.patch.level" value=""/>
    <property name="java.library.path" value="C:\Program Files\Java\jdk1.8.0_181\jre\bin;C:\Windows\Sun\Java\bin;C:\Windows\system32;C:\Windows;C:\Program Files (x86)\Common Files\Oracle\Java\javapath;C:\Windows\system32;C:\Windows;C:\Windows\System32\Wbem;C:\Windows\System32\WindowsPowerShell\v1.0\;C:\Windows\System32\OpenSSH\;E:\java\apache-maven-3.5.3\bin;E:\Javasoftware\Git\bin;C:\Program Files\Java\jdk1.8.0_181\bin;C:\Users\Administrator\AppData\Local\Microsoft\WindowsApps;;."/>
    <property name="java.vm.info" value="mixed mode"/>
    <property name="java.vendor" value="Oracle Corporation"/>
    <property name="java.vm.version" value="25.181-b13"/>
    <property name="java.ext.dirs" value="C:\Program Files\Java\jdk1.8.0_181\jre\lib\ext;C:\Windows\Sun\Java\lib\ext"/>
    <property name="sun.io.unicode.encoding" value="UnicodeLittle"/>
    <property name="java.class.version" value="52.0"/>
  </properties>
  <testcase name="testJwt" classname="com.yz.learn.companyframe.CompanyFrameApplicationTests" time="0.443"/>
  <testcase name="contextLoads" classname="com.yz.learn.companyframe.CompanyFrameApplicationTests" time="0.865"/>
</testsuite>